2016-01-19 17:41:23.556  INFO 76506 --- [main] i.p.d.WS4GSPN.demo.DiceApplication       : Starting DiceApplication on MacBook-Pro-di-Jacopo.local with PID 76506 (/Users/jacoporigoli/Spring/WS4GSPN/target/classes started by jacoporigoli in /Users/jacoporigoli/Spring/WS4GSPN)
2016-01-19 17:41:23.596  INFO 76506 --- [main] ationConfigEmbeddedWebApplicationContext : Refreshing org.springframework.boot.context.embedded.AnnotationConfigEmbeddedWebApplicationContext@a4102b8: startup date [Tue Jan 19 17:41:23 CET 2016]; root of context hierarchy
2016-01-19 17:41:24.382  INFO 76506 --- [main] trationDelegate$BeanPostProcessorChecker : Bean 'org.springframework.scheduling.annotation.ProxyAsyncConfiguration' of type [class org.springframework.scheduling.annotation.ProxyAsyncConfiguration$$EnhancerBySpringCGLIB$$e557e329] is not eligible for getting processed by all BeanPostProcessors (for example: not eligible for auto-proxying)
2016-01-19 17:41:24.454  INFO 76506 --- [main] trationDelegate$BeanPostProcessorChecker : Bean 'org.springframework.transaction.annotation.ProxyTransactionManagementConfiguration' of type [class org.springframework.transaction.annotation.ProxyTransactionManagementConfiguration$$EnhancerBySpringCGLIB$$ce336ae8] is not eligible for getting processed by all BeanPostProcessors (for example: not eligible for auto-proxying)
2016-01-19 17:41:24.472  INFO 76506 --- [main] trationDelegate$BeanPostProcessorChecker : Bean 'transactionAttributeSource' of type [class org.springframework.transaction.annotation.AnnotationTransactionAttributeSource] is not eligible for getting processed by all BeanPostProcessors (for example: not eligible for auto-proxying)
2016-01-19 17:41:24.480  INFO 76506 --- [main] trationDelegate$BeanPostProcessorChecker : Bean 'transactionInterceptor' of type [class org.springframework.transaction.interceptor.TransactionInterceptor] is not eligible for getting processed by all BeanPostProcessors (for example: not eligible for auto-proxying)
2016-01-19 17:41:24.484  INFO 76506 --- [main] trationDelegate$BeanPostProcessorChecker : Bean 'org.springframework.transaction.config.internalTransactionAdvisor' of type [class org.springframework.transaction.interceptor.BeanFactoryTransactionAttributeSourceAdvisor] is not eligible for getting processed by all BeanPostProcessors (for example: not eligible for auto-proxying)
2016-01-19 17:41:24.775  INFO 76506 --- [main] s.b.c.e.t.TomcatEmbeddedServletContainer : Tomcat initialized with port(s): 8989 (http)
2016-01-19 17:41:24.878  INFO 76506 --- [main] o.apache.catalina.core.StandardService   : Starting service Tomcat
2016-01-19 17:41:24.879  INFO 76506 --- [main] org.apache.catalina.core.StandardEngine  : Starting Servlet Engine: Apache Tomcat/8.0.28
2016-01-19 17:41:24.954  INFO 76506 --- [localhost-startStop-1] o.a.c.c.C.[Tomcat].[localhost].[/]       : Initializing Spring embedded WebApplicationContext
2016-01-19 17:41:24.954  INFO 76506 --- [localhost-startStop-1] o.s.web.context.ContextLoader            : Root WebApplicationContext: initialization completed in 1361 ms
2016-01-19 17:41:25.373  INFO 76506 --- [localhost-startStop-1] o.s.b.c.e.ServletRegistrationBean        : Mapping servlet: 'dispatcherServlet' to [/]
2016-01-19 17:41:25.376  INFO 76506 --- [localhost-startStop-1] o.s.b.c.embedded.FilterRegistrationBean  : Mapping filter: 'characterEncodingFilter' to: [/*]
2016-01-19 17:41:25.376  INFO 76506 --- [localhost-startStop-1] o.s.b.c.embedded.FilterRegistrationBean  : Mapping filter: 'hiddenHttpMethodFilter' to: [/*]
2016-01-19 17:41:25.693  INFO 76506 --- [main] j.LocalContainerEntityManagerFactoryBean : Building JPA container EntityManagerFactory for persistence unit 'default'
2016-01-19 17:41:25.701  INFO 76506 --- [main] o.hibernate.jpa.internal.util.LogHelper  : HHH000204: Processing PersistenceUnitInfo [
	name: default
	...]
2016-01-19 17:41:25.752  INFO 76506 --- [main] org.hibernate.Version                    : HHH000412: Hibernate Core {4.3.11.Final}
2016-01-19 17:41:25.753  INFO 76506 --- [main] org.hibernate.cfg.Environment            : HHH000206: hibernate.properties not found
2016-01-19 17:41:25.755  INFO 76506 --- [main] org.hibernate.cfg.Environment            : HHH000021: Bytecode provider name : javassist
2016-01-19 17:41:25.957  INFO 76506 --- [main] o.hibernate.annotations.common.Version   : HCANN000001: Hibernate Commons Annotations {4.0.5.Final}
2016-01-19 17:41:26.024  INFO 76506 --- [main] org.hibernate.dialect.Dialect            : HHH000400: Using dialect: org.hibernate.dialect.H2Dialect
2016-01-19 17:41:26.204  INFO 76506 --- [main] o.h.h.i.ast.ASTQueryTranslatorFactory    : HHH000397: Using ASTQueryTranslatorFactory
2016-01-19 17:41:26.430  INFO 76506 --- [main] org.hibernate.tool.hbm2ddl.SchemaExport  : HHH000227: Running hbm2ddl schema export
2016-01-19 17:41:26.447  INFO 76506 --- [main] org.hibernate.tool.hbm2ddl.SchemaExport  : HHH000230: Schema export complete
2016-01-19 17:41:28.165  INFO 76506 --- [main] i.p.d.WS4GSPN.service.DiceService        : maxPoolSize set to 4
2016-01-19 17:41:28.167  INFO 76506 --- [main] o.s.s.concurrent.ThreadPoolTaskExecutor  : Initializing ExecutorService 
2016-01-19 17:41:28.167  INFO 76506 --- [main] i.p.d.WS4GSPN.service.DiceService        : poolSize set to 2
2016-01-19 17:41:28.171  INFO 76506 --- [main] o.s.s.concurrent.ThreadPoolTaskExecutor  : Initializing ExecutorService  'workExecutor'
2016-01-19 17:41:28.264  INFO 76506 --- [main] s.w.s.m.m.a.RequestMappingHandlerAdapter : Looking for @ControllerAdvice: org.springframework.boot.context.embedded.AnnotationConfigEmbeddedWebApplicationContext@a4102b8: startup date [Tue Jan 19 17:41:23 CET 2016]; root of context hierarchy
2016-01-19 17:41:28.307  INFO 76506 --- [main] s.w.s.m.m.a.RequestMappingHandlerMapping : Mapped "{[/V10/error],methods=[GET]}" onto public java.lang.String it.polimi.diceH2020.WS4GSPN.controller.FifoV10Controller.showSimulationsManagerForm()
2016-01-19 17:41:28.307  INFO 76506 --- [main] s.w.s.m.m.a.RequestMappingHandlerMapping : Mapped "{[/V10/simulations],methods=[GET]}" onto public java.lang.String it.polimi.diceH2020.WS4GSPN.controller.FifoV10Controller.showSimulationsManagerForm(it.polimi.diceH2020.WS4GSPN.model.SimulationsManager)
2016-01-19 17:41:28.307  INFO 76506 --- [main] s.w.s.m.m.a.RequestMappingHandlerMapping : Mapped "{[/V10/simulations],methods=[POST]}" onto public java.lang.String it.polimi.diceH2020.WS4GSPN.controller.FifoV10Controller.checkSimulationsManagerForm(it.polimi.diceH2020.WS4GSPN.model.Simulations_class,it.polimi.diceH2020.WS4GSPN.model.SimulationsManager,org.springframework.validation.BindingResult)
2016-01-19 17:41:28.308  INFO 76506 --- [main] s.w.s.m.m.a.RequestMappingHandlerMapping : Mapped "{[/V7/error],methods=[GET]}" onto public java.lang.String it.polimi.diceH2020.WS4GSPN.controller.FifoV7Controller.showSimulationsManagerForm()
2016-01-19 17:41:28.308  INFO 76506 --- [main] s.w.s.m.m.a.RequestMappingHandlerMapping : Mapped "{[/V7/simulations],methods=[GET]}" onto public java.lang.String it.polimi.diceH2020.WS4GSPN.controller.FifoV7Controller.showSimulationsManagerForm(org.springframework.web.bind.support.SessionStatus,org.springframework.ui.Model)
2016-01-19 17:41:28.308  INFO 76506 --- [main] s.w.s.m.m.a.RequestMappingHandlerMapping : Mapped "{[/V7/simulations],methods=[POST]}" onto public java.lang.String it.polimi.diceH2020.WS4GSPN.controller.FifoV7Controller.checkSimulationsManagerForm(it.polimi.diceH2020.WS4GSPN.model.SimulationsManager,org.springframework.validation.BindingResult)
2016-01-19 17:41:28.309  INFO 76506 --- [main] s.w.s.m.m.a.RequestMappingHandlerMapping : Mapped "{[/V7/simulations2],methods=[GET]}" onto public java.lang.String it.polimi.diceH2020.WS4GSPN.controller.FifoV7Controller.showSimulationsClassForm(it.polimi.diceH2020.WS4GSPN.model.Simulations_class,org.springframework.ui.Model)
2016-01-19 17:41:28.309  INFO 76506 --- [main] s.w.s.m.m.a.RequestMappingHandlerMapping : Mapped "{[/V7/simulations2],methods=[POST]}" onto public java.lang.String it.polimi.diceH2020.WS4GSPN.controller.FifoV7Controller.checkSimulationsClassForm(it.polimi.diceH2020.WS4GSPN.model.Simulations_class,org.springframework.validation.BindingResult,org.springframework.ui.Model)
2016-01-19 17:41:28.309  INFO 76506 --- [main] s.w.s.m.m.a.RequestMappingHandlerMapping : Mapped "{[/V7/createSimulationsV7],methods=[POST]}" onto public java.lang.String it.polimi.diceH2020.WS4GSPN.controller.FifoV7Controller.runSimulations(it.polimi.diceH2020.WS4GSPN.model.SimulationsManager,org.springframework.web.bind.support.SessionStatus)
2016-01-19 17:41:28.309  INFO 76506 --- [main] s.w.s.m.m.a.RequestMappingHandlerMapping : Mapped "{[/],methods=[GET]}" onto public java.lang.String it.polimi.diceH2020.WS4GSPN.controller.MainFlowController.showHome()
2016-01-19 17:41:28.310  INFO 76506 --- [main] s.w.s.m.m.a.RequestMappingHandlerMapping : Mapped "{[/list],methods=[GET]}" onto public java.lang.String it.polimi.diceH2020.WS4GSPN.controller.MainFlowController.list2(org.springframework.ui.Model)
2016-01-19 17:41:28.310  INFO 76506 --- [main] s.w.s.m.m.a.RequestMappingHandlerMapping : Mapped "{[/list2],methods=[GET]}" onto public java.lang.String it.polimi.diceH2020.WS4GSPN.controller.MainFlowController.list3(org.springframework.ui.Model)
2016-01-19 17:41:28.310  INFO 76506 --- [main] s.w.s.m.m.a.RequestMappingHandlerMapping : Mapped "{[/listV7],methods=[GET]}" onto public java.lang.String it.polimi.diceH2020.WS4GSPN.controller.MainFlowController.listV7(org.springframework.ui.Model)
2016-01-19 17:41:28.310  INFO 76506 --- [main] s.w.s.m.m.a.RequestMappingHandlerMapping : Mapped "{[/listV10],methods=[GET]}" onto public java.lang.String it.polimi.diceH2020.WS4GSPN.controller.MainFlowController.listV10(org.springframework.ui.Model)
2016-01-19 17:41:28.310  INFO 76506 --- [main] s.w.s.m.m.a.RequestMappingHandlerMapping : Mapped "{[/download],methods=[GET]}" onto org.springframework.core.io.FileSystemResource it.polimi.diceH2020.WS4GSPN.controller.MainFlowController.downloadFile(java.lang.Long,javax.servlet.http.HttpServletResponse)
2016-01-19 17:41:28.310  INFO 76506 --- [main] s.w.s.m.m.a.RequestMappingHandlerMapping : Mapped "{[/results],methods=[GET]}" onto public java.lang.String it.polimi.diceH2020.WS4GSPN.controller.MainFlowController.results(java.lang.Long,org.springframework.ui.Model)
2016-01-19 17:41:28.311  INFO 76506 --- [main] s.w.s.m.m.a.RequestMappingHandlerMapping : Mapped "{[/error]}" onto public org.springframework.http.ResponseEntity<java.util.Map<java.lang.String, java.lang.Object>> org.springframework.boot.autoconfigure.web.BasicErrorController.error(javax.servlet.http.HttpServletRequest)
2016-01-19 17:41:28.312  INFO 76506 --- [main] s.w.s.m.m.a.RequestMappingHandlerMapping : Mapped "{[/error],produces=[text/html]}" onto public org.springframework.web.servlet.ModelAndView org.springframework.boot.autoconfigure.web.BasicErrorController.errorHtml(javax.servlet.http.HttpServletRequest)
2016-01-19 17:41:28.328  INFO 76506 --- [main] o.s.w.s.handler.SimpleUrlHandlerMapping  : Mapped URL path [/webjars/**] onto handler of type [class org.springframework.web.servlet.resource.ResourceHttpRequestHandler]
2016-01-19 17:41:28.329  INFO 76506 --- [main] o.s.w.s.handler.SimpleUrlHandlerMapping  : Mapped URL path [/**] onto handler of type [class org.springframework.web.servlet.resource.ResourceHttpRequestHandler]
2016-01-19 17:41:28.353  INFO 76506 --- [main] o.s.w.s.handler.SimpleUrlHandlerMapping  : Mapped URL path [/**/favicon.ico] onto handler of type [class org.springframework.web.servlet.resource.ResourceHttpRequestHandler]
2016-01-19 17:41:28.545  INFO 76506 --- [main] o.s.j.e.a.AnnotationMBeanExporter        : Registering beans for JMX exposure on startup
2016-01-19 17:41:28.600  INFO 76506 --- [main] s.b.c.e.t.TomcatEmbeddedServletContainer : Tomcat started on port(s): 8989 (http)
2016-01-19 17:41:28.602  INFO 76506 --- [main] i.p.d.WS4GSPN.demo.DiceApplication       : Started DiceApplication in 5.197 seconds (JVM running for 5.962)
2016-01-19 17:42:52.151  INFO 76506 --- [Thread-1] ationConfigEmbeddedWebApplicationContext : Closing org.springframework.boot.context.embedded.AnnotationConfigEmbeddedWebApplicationContext@a4102b8: startup date [Tue Jan 19 17:41:23 CET 2016]; root of context hierarchy
2016-01-19 17:42:52.153  INFO 76506 --- [Thread-1] o.s.j.e.a.AnnotationMBeanExporter        : Unregistering JMX-exposed beans on shutdown
2016-01-19 17:42:52.157  INFO 76506 --- [Thread-1] o.s.s.concurrent.ThreadPoolTaskExecutor  : Shutting down ExecutorService 'workExecutor'
2016-01-19 17:42:52.157  INFO 76506 --- [Thread-1] j.LocalContainerEntityManagerFactoryBean : Closing JPA EntityManagerFactory for persistence unit 'default'
2016-01-19 17:42:52.158  INFO 76506 --- [Thread-1] org.hibernate.tool.hbm2ddl.SchemaExport  : HHH000227: Running hbm2ddl schema export
2016-01-19 17:42:52.162  INFO 76506 --- [Thread-1] org.hibernate.tool.hbm2ddl.SchemaExport  : HHH000230: Schema export complete
2016-01-19 17:42:53.512  INFO 76539 --- [main] i.p.d.WS4GSPN.demo.DiceApplication       : Starting DiceApplication on MacBook-Pro-di-Jacopo.local with PID 76539 (/Users/jacoporigoli/Spring/WS4GSPN/target/classes started by jacoporigoli in /Users/jacoporigoli/Spring/WS4GSPN)
2016-01-19 17:42:53.551  INFO 76539 --- [main] ationConfigEmbeddedWebApplicationContext : Refreshing org.springframework.boot.context.embedded.AnnotationConfigEmbeddedWebApplicationContext@a4102b8: startup date [Tue Jan 19 17:42:53 CET 2016]; root of context hierarchy
2016-01-19 17:42:54.325  INFO 76539 --- [main] trationDelegate$BeanPostProcessorChecker : Bean 'org.springframework.scheduling.annotation.ProxyAsyncConfiguration' of type [class org.springframework.scheduling.annotation.ProxyAsyncConfiguration$$EnhancerBySpringCGLIB$$e557e329] is not eligible for getting processed by all BeanPostProcessors (for example: not eligible for auto-proxying)
2016-01-19 17:42:54.397  INFO 76539 --- [main] trationDelegate$BeanPostProcessorChecker : Bean 'org.springframework.transaction.annotation.ProxyTransactionManagementConfiguration' of type [class org.springframework.transaction.annotation.ProxyTransactionManagementConfiguration$$EnhancerBySpringCGLIB$$ce336ae8] is not eligible for getting processed by all BeanPostProcessors (for example: not eligible for auto-proxying)
2016-01-19 17:42:54.407  INFO 76539 --- [main] trationDelegate$BeanPostProcessorChecker : Bean 'transactionAttributeSource' of type [class org.springframework.transaction.annotation.AnnotationTransactionAttributeSource] is not eligible for getting processed by all BeanPostProcessors (for example: not eligible for auto-proxying)
2016-01-19 17:42:54.420  INFO 76539 --- [main] trationDelegate$BeanPostProcessorChecker : Bean 'transactionInterceptor' of type [class org.springframework.transaction.interceptor.TransactionInterceptor] is not eligible for getting processed by all BeanPostProcessors (for example: not eligible for auto-proxying)
2016-01-19 17:42:54.423  INFO 76539 --- [main] trationDelegate$BeanPostProcessorChecker : Bean 'org.springframework.transaction.config.internalTransactionAdvisor' of type [class org.springframework.transaction.interceptor.BeanFactoryTransactionAttributeSourceAdvisor] is not eligible for getting processed by all BeanPostProcessors (for example: not eligible for auto-proxying)
2016-01-19 17:42:54.693  INFO 76539 --- [main] s.b.c.e.t.TomcatEmbeddedServletContainer : Tomcat initialized with port(s): 8989 (http)
2016-01-19 17:42:54.791  INFO 76539 --- [main] o.apache.catalina.core.StandardService   : Starting service Tomcat
2016-01-19 17:42:54.792  INFO 76539 --- [main] org.apache.catalina.core.StandardEngine  : Starting Servlet Engine: Apache Tomcat/8.0.28
2016-01-19 17:42:54.870  INFO 76539 --- [localhost-startStop-1] o.a.c.c.C.[Tomcat].[localhost].[/]       : Initializing Spring embedded WebApplicationContext
2016-01-19 17:42:54.870  INFO 76539 --- [localhost-startStop-1] o.s.web.context.ContextLoader            : Root WebApplicationContext: initialization completed in 1321 ms
2016-01-19 17:42:55.270  INFO 76539 --- [localhost-startStop-1] o.s.b.c.e.ServletRegistrationBean        : Mapping servlet: 'dispatcherServlet' to [/]
2016-01-19 17:42:55.274  INFO 76539 --- [localhost-startStop-1] o.s.b.c.embedded.FilterRegistrationBean  : Mapping filter: 'characterEncodingFilter' to: [/*]
2016-01-19 17:42:55.274  INFO 76539 --- [localhost-startStop-1] o.s.b.c.embedded.FilterRegistrationBean  : Mapping filter: 'hiddenHttpMethodFilter' to: [/*]
2016-01-19 17:42:55.566  INFO 76539 --- [main] j.LocalContainerEntityManagerFactoryBean : Building JPA container EntityManagerFactory for persistence unit 'default'
2016-01-19 17:42:55.574  INFO 76539 --- [main] o.hibernate.jpa.internal.util.LogHelper  : HHH000204: Processing PersistenceUnitInfo [
	name: default
	...]
2016-01-19 17:42:55.625  INFO 76539 --- [main] org.hibernate.Version                    : HHH000412: Hibernate Core {4.3.11.Final}
2016-01-19 17:42:55.626  INFO 76539 --- [main] org.hibernate.cfg.Environment            : HHH000206: hibernate.properties not found
2016-01-19 17:42:55.628  INFO 76539 --- [main] org.hibernate.cfg.Environment            : HHH000021: Bytecode provider name : javassist
2016-01-19 17:42:55.793  INFO 76539 --- [main] o.hibernate.annotations.common.Version   : HCANN000001: Hibernate Commons Annotations {4.0.5.Final}
2016-01-19 17:42:55.853  INFO 76539 --- [main] org.hibernate.dialect.Dialect            : HHH000400: Using dialect: org.hibernate.dialect.H2Dialect
2016-01-19 17:42:56.029  INFO 76539 --- [main] o.h.h.i.ast.ASTQueryTranslatorFactory    : HHH000397: Using ASTQueryTranslatorFactory
2016-01-19 17:42:56.244  INFO 76539 --- [main] org.hibernate.tool.hbm2ddl.SchemaExport  : HHH000227: Running hbm2ddl schema export
2016-01-19 17:42:56.260  INFO 76539 --- [main] org.hibernate.tool.hbm2ddl.SchemaExport  : HHH000230: Schema export complete
2016-01-19 17:42:58.018  INFO 76539 --- [main] i.p.d.WS4GSPN.service.DiceService        : maxPoolSize set to 4
2016-01-19 17:42:58.020  INFO 76539 --- [main] o.s.s.concurrent.ThreadPoolTaskExecutor  : Initializing ExecutorService 
2016-01-19 17:42:58.020  INFO 76539 --- [main] i.p.d.WS4GSPN.service.DiceService        : poolSize set to 2
2016-01-19 17:42:58.024  INFO 76539 --- [main] o.s.s.concurrent.ThreadPoolTaskExecutor  : Initializing ExecutorService  'workExecutor'
2016-01-19 17:42:58.115  INFO 76539 --- [main] s.w.s.m.m.a.RequestMappingHandlerAdapter : Looking for @ControllerAdvice: org.springframework.boot.context.embedded.AnnotationConfigEmbeddedWebApplicationContext@a4102b8: startup date [Tue Jan 19 17:42:53 CET 2016]; root of context hierarchy
2016-01-19 17:42:58.159  INFO 76539 --- [main] s.w.s.m.m.a.RequestMappingHandlerMapping : Mapped "{[/V10/error],methods=[GET]}" onto public java.lang.String it.polimi.diceH2020.WS4GSPN.controller.FifoV10Controller.showSimulationsManagerForm()
2016-01-19 17:42:58.160  INFO 76539 --- [main] s.w.s.m.m.a.RequestMappingHandlerMapping : Mapped "{[/V10/simulations],methods=[GET]}" onto public java.lang.String it.polimi.diceH2020.WS4GSPN.controller.FifoV10Controller.showSimulationsManagerForm(it.polimi.diceH2020.WS4GSPN.model.SimulationsManager)
2016-01-19 17:42:58.160  INFO 76539 --- [main] s.w.s.m.m.a.RequestMappingHandlerMapping : Mapped "{[/V10/simulations],methods=[POST]}" onto public java.lang.String it.polimi.diceH2020.WS4GSPN.controller.FifoV10Controller.checkSimulationsManagerForm(it.polimi.diceH2020.WS4GSPN.model.Simulations_class,it.polimi.diceH2020.WS4GSPN.model.SimulationsManager,org.springframework.validation.BindingResult)
2016-01-19 17:42:58.161  INFO 76539 --- [main] s.w.s.m.m.a.RequestMappingHandlerMapping : Mapped "{[/V7/error],methods=[GET]}" onto public java.lang.String it.polimi.diceH2020.WS4GSPN.controller.FifoV7Controller.showSimulationsManagerForm()
2016-01-19 17:42:58.161  INFO 76539 --- [main] s.w.s.m.m.a.RequestMappingHandlerMapping : Mapped "{[/V7/simulations],methods=[GET]}" onto public java.lang.String it.polimi.diceH2020.WS4GSPN.controller.FifoV7Controller.showSimulationsManagerForm(org.springframework.web.bind.support.SessionStatus,org.springframework.ui.Model)
2016-01-19 17:42:58.161  INFO 76539 --- [main] s.w.s.m.m.a.RequestMappingHandlerMapping : Mapped "{[/V7/simulations],methods=[POST]}" onto public java.lang.String it.polimi.diceH2020.WS4GSPN.controller.FifoV7Controller.checkSimulationsManagerForm(it.polimi.diceH2020.WS4GSPN.model.SimulationsManager,org.springframework.validation.BindingResult)
2016-01-19 17:42:58.161  INFO 76539 --- [main] s.w.s.m.m.a.RequestMappingHandlerMapping : Mapped "{[/V7/simulations2],methods=[GET]}" onto public java.lang.String it.polimi.diceH2020.WS4GSPN.controller.FifoV7Controller.showSimulationsClassForm(it.polimi.diceH2020.WS4GSPN.model.Simulations_class,org.springframework.ui.Model)
2016-01-19 17:42:58.161  INFO 76539 --- [main] s.w.s.m.m.a.RequestMappingHandlerMapping : Mapped "{[/V7/simulations2],methods=[POST]}" onto public java.lang.String it.polimi.diceH2020.WS4GSPN.controller.FifoV7Controller.checkSimulationsClassForm(it.polimi.diceH2020.WS4GSPN.model.Simulations_class,org.springframework.validation.BindingResult,org.springframework.ui.Model)
2016-01-19 17:42:58.161  INFO 76539 --- [main] s.w.s.m.m.a.RequestMappingHandlerMapping : Mapped "{[/V7/createSimulationsV7],methods=[POST]}" onto public java.lang.String it.polimi.diceH2020.WS4GSPN.controller.FifoV7Controller.runSimulations(it.polimi.diceH2020.WS4GSPN.model.SimulationsManager,org.springframework.web.bind.support.SessionStatus)
2016-01-19 17:42:58.162  INFO 76539 --- [main] s.w.s.m.m.a.RequestMappingHandlerMapping : Mapped "{[/results],methods=[GET]}" onto public java.lang.String it.polimi.diceH2020.WS4GSPN.controller.MainFlowController.results(java.lang.Long,org.springframework.ui.Model)
2016-01-19 17:42:58.162  INFO 76539 --- [main] s.w.s.m.m.a.RequestMappingHandlerMapping : Mapped "{[/list],methods=[GET]}" onto public java.lang.String it.polimi.diceH2020.WS4GSPN.controller.MainFlowController.list2(org.springframework.ui.Model)
2016-01-19 17:42:58.162  INFO 76539 --- [main] s.w.s.m.m.a.RequestMappingHandlerMapping : Mapped "{[/],methods=[GET]}" onto public java.lang.String it.polimi.diceH2020.WS4GSPN.controller.MainFlowController.showHome()
2016-01-19 17:42:58.162  INFO 76539 --- [main] s.w.s.m.m.a.RequestMappingHandlerMapping : Mapped "{[/list2],methods=[GET]}" onto public java.lang.String it.polimi.diceH2020.WS4GSPN.controller.MainFlowController.list3(org.springframework.ui.Model)
2016-01-19 17:42:58.162  INFO 76539 --- [main] s.w.s.m.m.a.RequestMappingHandlerMapping : Mapped "{[/listV7],methods=[GET]}" onto public java.lang.String it.polimi.diceH2020.WS4GSPN.controller.MainFlowController.listV7(org.springframework.ui.Model)
2016-01-19 17:42:58.162  INFO 76539 --- [main] s.w.s.m.m.a.RequestMappingHandlerMapping : Mapped "{[/listV10],methods=[GET]}" onto public java.lang.String it.polimi.diceH2020.WS4GSPN.controller.MainFlowController.listV10(org.springframework.ui.Model)
2016-01-19 17:42:58.162  INFO 76539 --- [main] s.w.s.m.m.a.RequestMappingHandlerMapping : Mapped "{[/download],methods=[GET]}" onto org.springframework.core.io.FileSystemResource it.polimi.diceH2020.WS4GSPN.controller.MainFlowController.downloadFile(java.lang.Long,javax.servlet.http.HttpServletResponse)
2016-01-19 17:42:58.163  INFO 76539 --- [main] s.w.s.m.m.a.RequestMappingHandlerMapping : Mapped "{[/error]}" onto public org.springframework.http.ResponseEntity<java.util.Map<java.lang.String, java.lang.Object>> org.springframework.boot.autoconfigure.web.BasicErrorController.error(javax.servlet.http.HttpServletRequest)
2016-01-19 17:42:58.164  INFO 76539 --- [main] s.w.s.m.m.a.RequestMappingHandlerMapping : Mapped "{[/error],produces=[text/html]}" onto public org.springframework.web.servlet.ModelAndView org.springframework.boot.autoconfigure.web.BasicErrorController.errorHtml(javax.servlet.http.HttpServletRequest)
2016-01-19 17:42:58.180  INFO 76539 --- [main] o.s.w.s.handler.SimpleUrlHandlerMapping  : Mapped URL path [/webjars/**] onto handler of type [class org.springframework.web.servlet.resource.ResourceHttpRequestHandler]
2016-01-19 17:42:58.181  INFO 76539 --- [main] o.s.w.s.handler.SimpleUrlHandlerMapping  : Mapped URL path [/**] onto handler of type [class org.springframework.web.servlet.resource.ResourceHttpRequestHandler]
2016-01-19 17:42:58.205  INFO 76539 --- [main] o.s.w.s.handler.SimpleUrlHandlerMapping  : Mapped URL path [/**/favicon.ico] onto handler of type [class org.springframework.web.servlet.resource.ResourceHttpRequestHandler]
2016-01-19 17:42:58.414  INFO 76539 --- [main] o.s.j.e.a.AnnotationMBeanExporter        : Registering beans for JMX exposure on startup
2016-01-19 17:42:58.485  INFO 76539 --- [main] s.b.c.e.t.TomcatEmbeddedServletContainer : Tomcat started on port(s): 8989 (http)
2016-01-19 17:42:58.487  INFO 76539 --- [main] i.p.d.WS4GSPN.demo.DiceApplication       : Started DiceApplication in 5.123 seconds (JVM running for 5.602)
2016-01-19 17:43:21.549  INFO 76539 --- [http-nio-8989-exec-1] o.a.c.c.C.[Tomcat].[localhost].[/]       : Initializing Spring FrameworkServlet 'dispatcherServlet'
2016-01-19 17:43:21.549  INFO 76539 --- [http-nio-8989-exec-1] o.s.web.servlet.DispatcherServlet        : FrameworkServlet 'dispatcherServlet': initialization started
2016-01-19 17:43:21.562  INFO 76539 --- [http-nio-8989-exec-1] o.s.web.servlet.DispatcherServlet        : FrameworkServlet 'dispatcherServlet': initialization completed in 13 ms
2016-01-19 17:43:30.455  INFO 76539 --- [http-nio-8989-exec-8] i.p.d.WS4GSPN.service.DiceServiceImpl    : Local simulations directory: simulations/ord-simV7__19-01-2016_17:43:30/
2016-01-19 17:43:30.478  INFO 76539 --- [http-nio-8989-exec-8] i.p.d.WS4GSPN.service.DiceServiceImpl    : Remote simulations directory: /home/user/Desktop/sim_j/sim-19-01-2016_174330/1
2016-01-19 17:43:33.270  INFO 76539 --- [http-nio-8989-exec-8] i.p.d.WS4GSPN.service.DiceService        : Waiting for simulation id 1 result
2016-01-19 17:43:33.270  INFO 76539 --- [1] i.p.d.WS4GSPN.service.DiceServiceImpl    : Simulation with id1 is running on thread1
2016-01-19 17:43:40.345  INFO 76539 --- [1] i.p.diceH2020.WS4GSPN.service.GreatSPN   : /home/user/Desktop/newSimulator/WNSIM /home/user/Desktop/sim_j/sim-19-01-2016_174330/1/V7FIFO1  -a 5 -c 99
2016-01-19 17:44:29.124  INFO 76539 --- [1] i.p.diceH2020.WS4GSPN.service.GreatSPN   : ThroughputEND: 0.1643, Throughput1: 0.0820983, Throughput2: 0.082169
2016-01-19 17:44:29.124  INFO 76539 --- [1] i.p.d.WS4GSPN.service.DiceServiceImpl    : Simulation with id 1 finished! Thread1 is free.
2016-01-19 17:44:29.558  INFO 76539 --- [http-nio-8989-exec-8] i.p.d.WS4GSPN.service.DiceService        : 1 simulations completed in 58.708
2016-01-19 17:44:29.558  INFO 76539 --- [http-nio-8989-exec-8] i.p.d.WS4GSPN.service.DiceService        : FINISHED
2016-01-19 21:38:58.392  INFO 76539 --- [Thread-1] ationConfigEmbeddedWebApplicationContext : Closing org.springframework.boot.context.embedded.AnnotationConfigEmbeddedWebApplicationContext@a4102b8: startup date [Tue Jan 19 17:42:53 CET 2016]; root of context hierarchy
2016-01-19 21:38:58.401  INFO 76539 --- [Thread-1] o.s.j.e.a.AnnotationMBeanExporter        : Unregistering JMX-exposed beans on shutdown
2016-01-19 21:38:58.404  INFO 76539 --- [Thread-1] o.s.s.concurrent.ThreadPoolTaskExecutor  : Shutting down ExecutorService 'workExecutor'
2016-01-19 21:38:58.405  INFO 76539 --- [Thread-1] j.LocalContainerEntityManagerFactoryBean : Closing JPA EntityManagerFactory for persistence unit 'default'
2016-01-19 21:38:58.407  INFO 76539 --- [Thread-1] org.hibernate.tool.hbm2ddl.SchemaExport  : HHH000227: Running hbm2ddl schema export
2016-01-19 21:38:58.418  INFO 76539 --- [Thread-1] org.hibernate.tool.hbm2ddl.SchemaExport  : HHH000230: Schema export complete
